0 info it worked if it ends with ok
1 verbose cli [ 'C:\\Program Files (x86)\\nodejs\\node.exe',
1 verbose cli   'C:\\Program Files (x86)\\nodejs\\node_modules\\npm\\bin\\npm-cli.js',
1 verbose cli   'run',
1 verbose cli   'serve' ]
2 info using npm@3.10.10
3 info using node@v6.11.0
4 verbose run-script [ 'preserve', 'serve', 'postserve' ]
5 info lifecycle vue-app@0.1.0~preserve: vue-app@0.1.0
6 silly lifecycle vue-app@0.1.0~preserve: no script for preserve, continuing
7 info lifecycle vue-app@0.1.0~serve: vue-app@0.1.0
8 verbose lifecycle vue-app@0.1.0~serve: unsafe-perm in lifecycle true
9 verbose lifecycle vue-app@0.1.0~serve: PATH: C:\Program Files (x86)\nodejs\node_modules\npm\bin\node-gyp-bin;S:\Jobtest\req63842-9642-master\req63842-9642-master\node_modules\.bin;C:\Program Files\Microsoft MPI\Bin\;C:\ProgramData\Oracle\Java\javapath;C:\WINDOWS\system32;C:\WINDOWS;C:\WINDOWS\System32\Wbem;C:\WINDOWS\System32\WindowsPowerShell\v1.0\;C:\Program Files\Microsoft SQL Server\110\Tools\Binn\;C:\Program Files (x86)\Microsoft SQL Server\Client SDK\ODBC\110\Tools\Binn\;C:\Program Files (x86)\Microsoft SQL Server\120\Tools\Binn\ManagementStudio\;C:\Program Files (x86)\Microsoft SQL Server\120\Tools\Binn\;C:\Program Files (x86)\Microsoft SQL Server\120\DTS\Binn\;C:\Program Files\Microsoft\Web Platform Installer\;C:\Program Files (x86)\Skype\Phone\;C:\Program Files (x86)\Microsoft SDKs\TypeScript\1.0\;C:\Program Files\Microsoft SQL Server\120\Tools\Binn\;C:\Program Files (x86)\Java\jdk1.8.0_181\bin;C:\Program Files (x86)\Android\android-sdk\tools;C:\Program Files (x86)\Android\android-sdk\platform-tools;C:\apache-ant-1.9.3\bin;C:\Program Files (x86)\Git\cmd;C:\Program Files (x86)\nodejs\;C:\Program Files (x86)\Microsoft SQL Server\130\Tools\Binn\;C:\Program Files\Microsoft SQL Server\130\Tools\Binn\;C:\Program Files (x86)\Microsoft SQL Server\130\DTS\Binn\;C:\Program Files\Microsoft SQL Server\130\DTS\Binn\;C:\Program Files\Microsoft SQL Server\Client SDK\ODBC\130\Tools\Binn\;C:\Program Files (x86)\Microsoft SQL Server\Client SDK\ODBC\130\Tools\Binn\;C:\Program Files (x86)\Microsoft SQL Server\140\Tools\Binn\;C:\Program Files (x86)\Microsoft SQL Server\140\DTS\Binn\;C:\Program Files (x86)\Microsoft SQL Server\140\Tools\Binn\ManagementStudio\;C:\WINDOWS\system32;C:\WINDOWS;C:\WINDOWS\System32\Wbem;C:\WINDOWS\System32\WindowsPowerShell\v1.0\;C:\WINDOWS\System32\OpenSSH\;C:\Program Files\dotnet\;C:\Users\mwklee.CORPMWLTECH\AppData\Roaming\npm;C:\Users\mwklee\AppData\Local\Microsoft\WindowsApps;C:\Users\mwklee\AppData\Roaming\npm;C:\Users\mwklee\.dotnet\tools;C:\Users\mwklee\AppData\Local\Microsoft\WindowsApps
10 verbose lifecycle vue-app@0.1.0~serve: CWD: S:\Jobtest\req63842-9642-master\req63842-9642-master
11 silly lifecycle vue-app@0.1.0~serve: Args: [ '/d /s /c', 'vue-cli-service serve' ]
12 silly lifecycle vue-app@0.1.0~serve: Returned: code: 1  signal: null
13 info lifecycle vue-app@0.1.0~serve: Failed to exec serve script
14 verbose stack Error: vue-app@0.1.0 serve: `vue-cli-service serve`
14 verbose stack Exit status 1
14 verbose stack     at EventEmitter.<anonymous> (C:\Program Files (x86)\nodejs\node_modules\npm\lib\utils\lifecycle.js:255:16)
14 verbose stack     at emitTwo (events.js:106:13)
14 verbose stack     at EventEmitter.emit (events.js:191:7)
14 verbose stack     at ChildProcess.<anonymous> (C:\Program Files (x86)\nodejs\node_modules\npm\lib\utils\spawn.js:40:14)
14 verbose stack     at emitTwo (events.js:106:13)
14 verbose stack     at ChildProcess.emit (events.js:191:7)
14 verbose stack     at maybeClose (internal/child_process.js:891:16)
14 verbose stack     at Process.ChildProcess._handle.onexit (internal/child_process.js:226:5)
15 verbose pkgid vue-app@0.1.0
16 verbose cwd S:\Jobtest\req63842-9642-master\req63842-9642-master
17 error Windows_NT 10.0.18362
18 error argv "C:\\Program Files (x86)\\nodejs\\node.exe" "C:\\Program Files (x86)\\nodejs\\node_modules\\npm\\bin\\npm-cli.js" "run" "serve"
19 error node v6.11.0
20 error npm  v3.10.10
21 error code ELIFECYCLE
22 error vue-app@0.1.0 serve: `vue-cli-service serve`
22 error Exit status 1
23 error Failed at the vue-app@0.1.0 serve script 'vue-cli-service serve'.
23 error Make sure you have the latest version of node.js and npm installed.
23 error If you do, this is most likely a problem with the vue-app package,
23 error not with npm itself.
23 error Tell the author that this fails on your system:
23 error     vue-cli-service serve
23 error You can get information on how to open an issue for this project with:
23 error     npm bugs vue-app
23 error Or if that isn't available, you can get their info via:
23 error     npm owner ls vue-app
23 error There is likely additional logging output above.
24 verbose exit [ 1, true ]
